0 info it worked if it ends with ok
1 verbose cli [ '/usr/local/bin/node',
1 verbose cli   '/Users/Dave/.npm-global/bin/npm',
1 verbose cli   'install' ]
2 info using npm@3.10.5
3 info using node@v6.3.0
4 silly loadCurrentTree Starting
5 silly install loadCurrentTree
6 silly install readLocalPackageData
7 silly install normalizeTree
8 silly loadCurrentTree Finishing
9 silly loadIdealTree Starting
10 silly install loadIdealTree
11 silly cloneCurrentTree Starting
12 silly install cloneCurrentTreeToIdealTree
13 silly cloneCurrentTree Finishing
14 silly loadShrinkwrap Starting
15 silly install loadShrinkwrap
16 silly loadShrinkwrap Finishing
17 silly loadAllDepsIntoIdealTree Starting
18 silly install loadAllDepsIntoIdealTree
19 silly fetchNamedPackageData babel-polyfill
20 silly mapToRegistry name babel-polyfill
21 silly mapToRegistry using default registry
22 silly mapToRegistry registry https://registry.npmjs.org/
23 silly mapToRegistry data Result {
23 silly mapToRegistry   raw: 'babel-polyfill',
23 silly mapToRegistry   scope: null,
23 silly mapToRegistry   escapedName: 'babel-polyfill',
23 silly mapToRegistry   name: 'babel-polyfill',
23 silly mapToRegistry   rawSpec: '',
23 silly mapToRegistry   spec: 'latest',
23 silly mapToRegistry   type: 'tag' }
24 silly mapToRegistry uri https://registry.npmjs.org/babel-polyfill
25 silly fetchNamedPackageData react
26 silly mapToRegistry name react
27 silly mapToRegistry using default registry
28 silly mapToRegistry registry https://registry.npmjs.org/
29 silly mapToRegistry data Result {
29 silly mapToRegistry   raw: 'react',
29 silly mapToRegistry   scope: null,
29 silly mapToRegistry   escapedName: 'react',
29 silly mapToRegistry   name: 'react',
29 silly mapToRegistry   rawSpec: '',
29 silly mapToRegistry   spec: 'latest',
29 silly mapToRegistry   type: 'tag' }
30 silly mapToRegistry uri https://registry.npmjs.org/react
31 silly fetchNamedPackageData react-dom
32 silly mapToRegistry name react-dom
33 silly mapToRegistry using default registry
34 silly mapToRegistry registry https://registry.npmjs.org/
35 silly mapToRegistry data Result {
35 silly mapToRegistry   raw: 'react-dom',
35 silly mapToRegistry   scope: null,
35 silly mapToRegistry   escapedName: 'react-dom',
35 silly mapToRegistry   name: 'react-dom',
35 silly mapToRegistry   rawSpec: '',
35 silly mapToRegistry   spec: 'latest',
35 silly mapToRegistry   type: 'tag' }
36 silly mapToRegistry uri https://registry.npmjs.org/react-dom
37 silly fetchNamedPackageData react-redux
38 silly mapToRegistry name react-redux
39 silly mapToRegistry using default registry
40 silly mapToRegistry registry https://registry.npmjs.org/
41 silly mapToRegistry data Result {
41 silly mapToRegistry   raw: 'react-redux',
41 silly mapToRegistry   scope: null,
41 silly mapToRegistry   escapedName: 'react-redux',
41 silly mapToRegistry   name: 'react-redux',
41 silly mapToRegistry   rawSpec: '',
41 silly mapToRegistry   spec: 'latest',
41 silly mapToRegistry   type: 'tag' }
42 silly mapToRegistry uri https://registry.npmjs.org/react-redux
43 silly fetchNamedPackageData redux
44 silly mapToRegistry name redux
45 silly mapToRegistry using default registry
46 silly mapToRegistry registry https://registry.npmjs.org/
47 silly mapToRegistry data Result {
47 silly mapToRegistry   raw: 'redux',
47 silly mapToRegistry   scope: null,
47 silly mapToRegistry   escapedName: 'redux',
47 silly mapToRegistry   name: 'redux',
47 silly mapToRegistry   rawSpec: '',
47 silly mapToRegistry   spec: 'latest',
47 silly mapToRegistry   type: 'tag' }
48 silly mapToRegistry uri https://registry.npmjs.org/redux
49 silly fetchNamedPackageData redux-form
50 silly mapToRegistry name redux-form
51 silly mapToRegistry using default registry
52 silly mapToRegistry registry https://registry.npmjs.org/
53 silly mapToRegistry data Result {
53 silly mapToRegistry   raw: 'redux-form',
53 silly mapToRegistry   scope: null,
53 silly mapToRegistry   escapedName: 'redux-form',
53 silly mapToRegistry   name: 'redux-form',
53 silly mapToRegistry   rawSpec: '',
53 silly mapToRegistry   spec: 'latest',
53 silly mapToRegistry   type: 'tag' }
54 silly mapToRegistry uri https://registry.npmjs.org/redux-form
55 silly fetchDirectoryPackageData redux-form-react-submitbutton
56 verbose request uri https://registry.npmjs.org/babel-polyfill
57 verbose request no auth needed
58 info attempt registry request try #1 at 12:19:32 PM
59 verbose request using bearer token for auth
60 verbose request id be9da4304e2d3522
61 verbose etag W/"58d426c3-7fef"
62 verbose lastModified Thu, 23 Mar 2017 19:49:23 GMT
63 http request GET https://registry.npmjs.org/babel-polyfill
64 verbose request uri https://registry.npmjs.org/react-dom
65 verbose request no auth needed
66 info attempt registry request try #1 at 12:19:32 PM
67 verbose request using bearer token for auth
68 verbose etag W/"58d5a1ee-12eb1"
69 verbose lastModified Fri, 24 Mar 2017 22:47:10 GMT
70 http request GET https://registry.npmjs.org/react-dom
71 verbose request uri https://registry.npmjs.org/react
72 verbose request no auth needed
73 info attempt registry request try #1 at 12:19:32 PM
74 verbose request using bearer token for auth
75 verbose etag W/"58d69996-248bb"
76 verbose lastModified Sat, 25 Mar 2017 16:23:50 GMT
77 http request GET https://registry.npmjs.org/react
78 verbose request uri https://registry.npmjs.org/react-redux
79 verbose request no auth needed
80 info attempt registry request try #1 at 12:19:32 PM
81 verbose request using bearer token for auth
82 verbose etag W/"58d44781-2974d"
83 verbose lastModified Thu, 23 Mar 2017 22:09:05 GMT
84 http request GET https://registry.npmjs.org/react-redux
85 verbose request uri https://registry.npmjs.org/redux
86 verbose request no auth needed
87 info attempt registry request try #1 at 12:19:32 PM
88 verbose request using bearer token for auth
89 verbose etag W/"58d65a46-24d8e"
90 verbose lastModified Sat, 25 Mar 2017 11:53:42 GMT
91 http request GET https://registry.npmjs.org/redux
92 verbose request uri https://registry.npmjs.org/redux-form
93 verbose request no auth needed
94 info attempt registry request try #1 at 12:19:32 PM
95 verbose request using bearer token for auth
96 verbose etag W/"58d416a9-75cca"
97 verbose lastModified Thu, 23 Mar 2017 18:40:41 GMT
98 http request GET https://registry.npmjs.org/redux-form
99 silly resolveWithNewModule redux-form-react-submitbutton@1.0.0 checking installable status
100 silly cache add args [ 'redux-form-react-submitbutton@file:../', null ]
101 verbose cache add spec redux-form-react-submitbutton@file:../
102 silly cache add parsed spec Result {
102 silly cache add   raw: 'redux-form-react-submitbutton@file:../',
102 silly cache add   scope: null,
102 silly cache add   escapedName: 'redux-form-react-submitbutton',
102 silly cache add   name: 'redux-form-react-submitbutton',
102 silly cache add   rawSpec: 'file:../',
102 silly cache add   spec: '/Users/Dave/Projects/redux-form-react-submitbutton',
102 silly cache add   type: 'directory' }
103 verbose addLocalDirectory /Users/Dave/.npm/redux-form-react-submitbutton/1.0.0/package.tgz not in flight; packing
104 verbose correctMkdir /Users/Dave/.npm correctMkdir not in flight; initializing
105 info lifecycle redux-form-react-submitbutton@1.0.0~prepublish: redux-form-react-submitbutton@1.0.0
106 verbose lifecycle redux-form-react-submitbutton@1.0.0~prepublish: unsafe-perm in lifecycle true
107 verbose lifecycle redux-form-react-submitbutton@1.0.0~prepublish: PATH: /Users/Dave/.npm-global/lib/node_modules/npm/bin/node-gyp-bin:/Users/Dave/Projects/redux-form-react-submitbutton/node_modules/.bin:/usr/local/bin:/opt/local/bin:/opt/local/sbin:/usr/local/sbin:/Users/Dave/.npm-global/bin/:/usr/local/heroku/bin:/usr/local/bin:/usr/bin:/bin:/usr/sbin:/sbin:/opt/X11/bin:/usr/local/MacGPG2/bin:/usr/local/bin
108 verbose lifecycle redux-form-react-submitbutton@1.0.0~prepublish: CWD: /Users/Dave/Projects/redux-form-react-submitbutton
109 silly lifecycle redux-form-react-submitbutton@1.0.0~prepublish: Args: [ '-c',
109 silly lifecycle   'npm run lint && npm run test && npm run clean && npm run build' ]
110 http 304 https://registry.npmjs.org/react
111 verbose headers { server: 'nginx/1.10.1',
111 verbose headers   'last-modified': 'Sat, 25 Mar 2017 16:23:50 GMT',
111 verbose headers   etag: '"58d69996-248bb"',
111 verbose headers   'cache-control': 'max-age=300',
111 verbose headers   'accept-ranges': 'bytes',
111 verbose headers   date: 'Sun, 26 Mar 2017 10:19:32 GMT',
111 verbose headers   via: '1.1 varnish',
111 verbose headers   connection: 'keep-alive',
111 verbose headers   'x-served-by': 'cache-hhn1550-HHN',
111 verbose headers   'x-cache': 'MISS',
111 verbose headers   'x-cache-hits': '0',
111 verbose headers   'x-timer': 'S1490523572.581393,VS0,VE1',
111 verbose headers   vary: 'Accept-Encoding' }
112 silly get cb [ 304,
112 silly get   { server: 'nginx/1.10.1',
112 silly get     'last-modified': 'Sat, 25 Mar 2017 16:23:50 GMT',
112 silly get     etag: '"58d69996-248bb"',
112 silly get     'cache-control': 'max-age=300',
112 silly get     'accept-ranges': 'bytes',
112 silly get     date: 'Sun, 26 Mar 2017 10:19:32 GMT',
112 silly get     via: '1.1 varnish',
112 silly get     connection: 'keep-alive',
112 silly get     'x-served-by': 'cache-hhn1550-HHN',
112 silly get     'x-cache': 'MISS',
112 silly get     'x-cache-hits': '0',
112 silly get     'x-timer': 'S1490523572.581393,VS0,VE1',
112 silly get     vary: 'Accept-Encoding' } ]
113 verbose etag https://registry.npmjs.org/react from cache
114 verbose get saving react to /Users/Dave/.npm/registry.npmjs.org/react/.cache.json
115 verbose correctMkdir /Users/Dave/.npm correctMkdir not in flight; initializing
116 silly resolveWithNewModule react@15.4.2 checking installable status
117 silly cache add args [ 'react@^15.4.1', null ]
118 verbose cache add spec react@^15.4.1
119 silly cache add parsed spec Result {
119 silly cache add   raw: 'react@^15.4.1',
119 silly cache add   scope: null,
119 silly cache add   escapedName: 'react',
119 silly cache add   name: 'react',
119 silly cache add   rawSpec: '^15.4.1',
119 silly cache add   spec: '>=15.4.1 <16.0.0',
119 silly cache add   type: 'range' }
120 silly addNamed react@>=15.4.1 <16.0.0
121 verbose addNamed ">=15.4.1 <16.0.0" is a valid semver range for react
122 silly addNameRange { name: 'react', range: '>=15.4.1 <16.0.0', hasData: false }
123 silly mapToRegistry name react
124 silly mapToRegistry using default registry
125 silly mapToRegistry registry https://registry.npmjs.org/
126 silly mapToRegistry data Result {
126 silly mapToRegistry   raw: 'react',
126 silly mapToRegistry   scope: null,
126 silly mapToRegistry   escapedName: 'react',
126 silly mapToRegistry   name: 'react',
126 silly mapToRegistry   rawSpec: '',
126 silly mapToRegistry   spec: 'latest',
126 silly mapToRegistry   type: 'tag' }
127 silly mapToRegistry uri https://registry.npmjs.org/react
128 verbose addNameRange registry:https://registry.npmjs.org/react not in flight; fetching
129 http 304 https://registry.npmjs.org/react-dom
130 verbose headers { server: 'nginx/1.10.1',
130 verbose headers   'last-modified': 'Fri, 24 Mar 2017 22:47:10 GMT',
130 verbose headers   etag: '"58d5a1ee-12eb1"',
130 verbose headers   'cache-control': 'max-age=300',
130 verbose headers   'accept-ranges': 'bytes',
130 verbose headers   date: 'Sun, 26 Mar 2017 10:19:32 GMT',
130 verbose headers   via: '1.1 varnish',
130 verbose headers   connection: 'keep-alive',
130 verbose headers   'x-served-by': 'cache-hhn1520-HHN',
130 verbose headers   'x-cache': 'MISS',
130 verbose headers   'x-cache-hits': '0',
130 verbose headers   'x-timer': 'S1490523572.613353,VS0,VE1',
130 verbose headers   vary: 'Accept-Encoding' }
131 silly get cb [ 304,
131 silly get   { server: 'nginx/1.10.1',
131 silly get     'last-modified': 'Fri, 24 Mar 2017 22:47:10 GMT',
131 silly get     etag: '"58d5a1ee-12eb1"',
131 silly get     'cache-control': 'max-age=300',
131 silly get     'accept-ranges': 'bytes',
131 silly get     date: 'Sun, 26 Mar 2017 10:19:32 GMT',
131 silly get     via: '1.1 varnish',
131 silly get     connection: 'keep-alive',
131 silly get     'x-served-by': 'cache-hhn1520-HHN',
131 silly get     'x-cache': 'MISS',
131 silly get     'x-cache-hits': '0',
131 silly get     'x-timer': 'S1490523572.613353,VS0,VE1',
131 silly get     vary: 'Accept-Encoding' } ]
132 verbose etag https://registry.npmjs.org/react-dom from cache
133 verbose get saving react-dom to /Users/Dave/.npm/registry.npmjs.org/react-dom/.cache.json
134 verbose correctMkdir /Users/Dave/.npm correctMkdir not in flight; initializing
135 http 304 https://registry.npmjs.org/react-redux
136 verbose headers { server: 'nginx/1.10.1',
136 verbose headers   'last-modified': 'Thu, 23 Mar 2017 22:09:05 GMT',
136 verbose headers   etag: '"58d44781-2974d"',
136 verbose headers   'cache-control': 'max-age=300',
136 verbose headers   'accept-ranges': 'bytes',
136 verbose headers   date: 'Sun, 26 Mar 2017 10:19:32 GMT',
136 verbose headers   via: '1.1 varnish',
136 verbose headers   connection: 'keep-alive',
136 verbose headers   'x-served-by': 'cache-hhn1539-HHN',
136 verbose headers   'x-cache': 'MISS',
136 verbose headers   'x-cache-hits': '0',
136 verbose headers   'x-timer': 'S1490523572.614244,VS0,VE1',
136 verbose headers   vary: 'Accept-Encoding' }
137 silly get cb [ 304,
137 silly get   { server: 'nginx/1.10.1',
137 silly get     'last-modified': 'Thu, 23 Mar 2017 22:09:05 GMT',
137 silly get     etag: '"58d44781-2974d"',
137 silly get     'cache-control': 'max-age=300',
137 silly get     'accept-ranges': 'bytes',
137 silly get     date: 'Sun, 26 Mar 2017 10:19:32 GMT',
137 silly get     via: '1.1 varnish',
137 silly get     connection: 'keep-alive',
137 silly get     'x-served-by': 'cache-hhn1539-HHN',
137 silly get     'x-cache': 'MISS',
137 silly get     'x-cache-hits': '0',
137 silly get     'x-timer': 'S1490523572.614244,VS0,VE1',
137 silly get     vary: 'Accept-Encoding' } ]
138 verbose etag https://registry.npmjs.org/react-redux from cache
139 verbose get saving react-redux to /Users/Dave/.npm/registry.npmjs.org/react-redux/.cache.json
140 verbose correctMkdir /Users/Dave/.npm correctMkdir not in flight; initializing
141 http 304 https://registry.npmjs.org/redux-form
142 verbose headers { server: 'nginx/1.10.1',
142 verbose headers   'last-modified': 'Thu, 23 Mar 2017 18:40:41 GMT',
142 verbose headers   etag: '"58d416a9-75cca"',
142 verbose headers   'cache-control': 'max-age=300',
142 verbose headers   'accept-ranges': 'bytes',
142 verbose headers   date: 'Sun, 26 Mar 2017 10:19:32 GMT',
142 verbose headers   via: '1.1 varnish',
142 verbose headers   connection: 'keep-alive',
142 verbose headers   'x-served-by': 'cache-hhn1537-HHN',
142 verbose headers   'x-cache': 'MISS',
142 verbose headers   'x-cache-hits': '0',
142 verbose headers   'x-timer': 'S1490523572.619552,VS0,VE1',
142 verbose headers   vary: 'Accept-Encoding' }
143 silly get cb [ 304,
143 silly get   { server: 'nginx/1.10.1',
143 silly get     'last-modified': 'Thu, 23 Mar 2017 18:40:41 GMT',
143 silly get     etag: '"58d416a9-75cca"',
143 silly get     'cache-control': 'max-age=300',
143 silly get     'accept-ranges': 'bytes',
143 silly get     date: 'Sun, 26 Mar 2017 10:19:32 GMT',
143 silly get     via: '1.1 varnish',
143 silly get     connection: 'keep-alive',
143 silly get     'x-served-by': 'cache-hhn1537-HHN',
143 silly get     'x-cache': 'MISS',
143 silly get     'x-cache-hits': '0',
143 silly get     'x-timer': 'S1490523572.619552,VS0,VE1',
143 silly get     vary: 'Accept-Encoding' } ]
144 verbose etag https://registry.npmjs.org/redux-form from cache
145 verbose get saving redux-form to /Users/Dave/.npm/registry.npmjs.org/redux-form/.cache.json
146 verbose correctMkdir /Users/Dave/.npm correctMkdir not in flight; initializing
147 verbose get https://registry.npmjs.org/react not expired, no request
148 silly addNameRange number 2 { name: 'react', range: '>=15.4.1 <16.0.0', hasData: true }
149 silly addNameRange versions [ 'react',
149 silly addNameRange   [ '0.0.1',
149 silly addNameRange     '0.0.2',
149 silly addNameRange     '0.0.3',
149 silly addNameRange     '0.1.2',
149 silly addNameRange     '0.2.0',
149 silly addNameRange     '0.2.1',
149 silly addNameRange     '0.2.2',
149 silly addNameRange     '0.2.3',
149 silly addNameRange     '0.2.4',
149 silly addNameRange     '0.2.5',
149 silly addNameRange     '0.2.6',
149 silly addNameRange     '0.3.0',
149 silly addNameRange     '0.3.4',
149 silly addNameRange     '0.3.5',
149 silly addNameRange     '0.5.0',
149 silly addNameRange     '0.5.1',
149 silly addNameRange     '0.5.2',
149 silly addNameRange     '0.6.0',
149 silly addNameRange     '0.6.1',
149 silly addNameRange     '0.6.2',
149 silly addNameRange     '0.6.3',
149 silly addNameRange     '0.7.0',
149 silly addNameRange     '0.7.1',
149 silly addNameRange     '0.8.0',
149 silly addNameRange     '0.9.0-rc1',
149 silly addNameRange     '0.9.0',
149 silly addNameRange     '0.10.0-rc1',
149 silly addNameRange     '0.10.0',
149 silly addNameRange     '0.11.0-rc1',
149 silly addNameRange     '0.11.0',
149 silly addNameRange     '0.11.1',
149 silly addNameRange     '0.11.2',
149 silly addNameRange     '0.12.0-rc1',
149 silly addNameRange     '0.12.0',
149 silly addNameRange     '0.12.1',
149 silly addNameRange     '0.12.2',
149 silly addNameRange     '0.13.0-alpha.1',
149 silly addNameRange     '0.13.0-alpha.2',
149 silly addNameRange     '0.13.0-beta.1',
149 silly addNameRange     '0.13.0-beta.2',
149 silly addNameRange     '0.13.0-rc1',
149 silly addNameRange     '0.13.0-rc2',
149 silly addNameRange     '0.13.0',
149 silly addNameRange     '0.13.1',
149 silly addNameRange     '0.13.2',
149 silly addNameRange     '0.13.3',
149 silly addNameRange     '0.14.0-alpha1',
149 silly addNameRange     '0.14.0-alpha2',
149 silly addNameRange     '0.14.0-alpha3',
149 silly addNameRange     '0.14.0-beta1',
149 silly addNameRange     '0.14.0-beta2',
149 silly addNameRange     '0.14.0-beta3',
149 silly addNameRange     '0.14.0-rc1',
149 silly addNameRange     '0.14.0',
149 silly addNameRange     '0.14.1',
149 silly addNameRange     '0.14.2',
149 silly addNameRange     '0.14.3',
149 silly addNameRange     '0.14.4',
149 silly addNameRange     '0.14.5',
149 silly addNameRange     '0.14.6',
149 silly addNameRange     '0.15.0-alpha.1',
149 silly addNameRange     '0.14.7',
149 silly addNameRange     '15.0.0-rc.1',
149 silly addNameRange     '15.0.0-rc.2',
149 silly addNameRange     '0.14.8',
149 silly addNameRange     '15.0.0',
149 silly addNameRange     '15.0.1',
149 silly addNameRange     '15.0.2-alpha.1',
149 silly addNameRange     '15.0.2-alpha.2',
149 silly addNameRange     '15.0.2-alpha.3',
149 silly addNameRange     '15.0.2-alpha.4',
149 silly addNameRange     '15.0.2',
149 silly addNameRange     '15.0.3-alpha.1',
149 silly addNameRange     '15.0.3-alpha.2',
149 silly addNameRange     '15.1.0-alpha.1',
149 silly addNameRange     '15.1.0',
149 silly addNameRange     '15.2.0-rc.1',
149 silly addNameRange     '15.2.0-rc.2',
149 silly addNameRange     '15.2.0',
149 silly addNameRange     '15.2.1',
149 silly addNameRange     '15.3.0-rc.1',
149 silly addNameRange     '15.3.0-rc.2',
149 silly addNameRange     '15.3.0-rc.3',
149 silly addNameRange     '15.3.0',
149 silly addNameRange     '15.3.1-rc.1',
149 silly addNameRange     '15.3.1-rc.2',
149 silly addNameRange     '15.3.1',
149 silly addNameRange     '15.3.2-rc.1',
149 silly addNameRange     '15.3.2',
149 silly addNameRange     '15.4.0-rc.1',
149 silly addNameRange     '15.4.0-rc.2',
149 silly addNameRange     '15.4.0-rc.3',
149 silly addNameRange     '15.4.0-rc.4',
149 silly addNameRange     '15.4.0',
149 silly addNameRange     '15.4.1',
149 silly addNameRange     '15.4.2',
149 silly addNameRange     '16.0.0-alpha',
149 silly addNameRange     '16.0.0-alpha.0',
149 silly addNameRange     '16.0.0-alpha.2',
149 silly addNameRange     '16.0.0-alpha.3',
149 silly addNameRange     ... 3 more items ] ]
150 silly addNamed react@15.4.2
151 verbose addNamed "15.4.2" is a plain semver version for react
152 silly resolveWithNewModule react-dom@15.4.2 checking installable status
153 silly cache add args [ 'react-dom@^15.4.1', null ]
154 verbose cache add spec react-dom@^15.4.1
155 silly cache add parsed spec Result {
155 silly cache add   raw: 'react-dom@^15.4.1',
155 silly cache add   scope: null,
155 silly cache add   escapedName: 'react-dom',
155 silly cache add   name: 'react-dom',
155 silly cache add   rawSpec: '^15.4.1',
155 silly cache add   spec: '>=15.4.1 <16.0.0',
155 silly cache add   type: 'range' }
156 silly addNamed react-dom@>=15.4.1 <16.0.0
157 verbose addNamed ">=15.4.1 <16.0.0" is a valid semver range for react-dom
158 silly addNameRange { name: 'react-dom', range: '>=15.4.1 <16.0.0', hasData: false }
159 silly mapToRegistry name react-dom
160 silly mapToRegistry using default registry
161 silly mapToRegistry registry https://registry.npmjs.org/
162 silly mapToRegistry data Result {
162 silly mapToRegistry   raw: 'react-dom',
162 silly mapToRegistry   scope: null,
162 silly mapToRegistry   escapedName: 'react-dom',
162 silly mapToRegistry   name: 'react-dom',
162 silly mapToRegistry   rawSpec: '',
162 silly mapToRegistry   spec: 'latest',
162 silly mapToRegistry   type: 'tag' }
163 silly mapToRegistry uri https://registry.npmjs.org/react-dom
164 verbose addNameRange registry:https://registry.npmjs.org/react-dom not in flight; fetching
165 silly resolveWithNewModule react-redux@5.0.3 checking installable status
166 silly cache add args [ 'react-redux@^5.0.3', null ]
167 verbose cache add spec react-redux@^5.0.3
168 silly cache add parsed spec Result {
168 silly cache add   raw: 'react-redux@^5.0.3',
168 silly cache add   scope: null,
168 silly cache add   escapedName: 'react-redux',
168 silly cache add   name: 'react-redux',
168 silly cache add   rawSpec: '^5.0.3',
168 silly cache add   spec: '>=5.0.3 <6.0.0',
168 silly cache add   type: 'range' }
169 silly addNamed react-redux@>=5.0.3 <6.0.0
170 verbose addNamed ">=5.0.3 <6.0.0" is a valid semver range for react-redux
171 silly addNameRange { name: 'react-redux', range: '>=5.0.3 <6.0.0', hasData: false }
172 silly mapToRegistry name react-redux
173 silly mapToRegistry using default registry
174 silly mapToRegistry registry https://registry.npmjs.org/
175 silly mapToRegistry data Result {
175 silly mapToRegistry   raw: 'react-redux',
175 silly mapToRegistry   scope: null,
175 silly mapToRegistry   escapedName: 'react-redux',
175 silly mapToRegistry   name: 'react-redux',
175 silly mapToRegistry   rawSpec: '',
175 silly mapToRegistry   spec: 'latest',
175 silly mapToRegistry   type: 'tag' }
176 silly mapToRegistry uri https://registry.npmjs.org/react-redux
177 verbose addNameRange registry:https://registry.npmjs.org/react-redux not in flight; fetching
178 silly cache afterAdd react@15.4.2
179 verbose afterAdd /Users/Dave/.npm/react/15.4.2/package/package.json not in flight; writing
180 verbose correctMkdir /Users/Dave/.npm correctMkdir not in flight; initializing
181 silly resolveWithNewModule redux-form@6.6.0 checking installable status
182 silly cache add args [ 'redux-form@v6.6.0', null ]
183 verbose cache add spec redux-form@v6.6.0
184 silly cache add parsed spec Result {
184 silly cache add   raw: 'redux-form@v6.6.0',
184 silly cache add   scope: null,
184 silly cache add   escapedName: 'redux-form',
184 silly cache add   name: 'redux-form',
184 silly cache add   rawSpec: 'v6.6.0',
184 silly cache add   spec: '6.6.0',
184 silly cache add   type: 'version' }
185 silly addNamed redux-form@6.6.0
186 verbose addNamed "6.6.0" is a plain semver version for redux-form
187 silly mapToRegistry name redux-form
188 silly mapToRegistry using default registry
189 silly mapToRegistry registry https://registry.npmjs.org/
190 silly mapToRegistry data Result {
190 silly mapToRegistry   raw: 'redux-form',
190 silly mapToRegistry   scope: null,
190 silly mapToRegistry   escapedName: 'redux-form',
190 silly mapToRegistry   name: 'redux-form',
190 silly mapToRegistry   rawSpec: '',
190 silly mapToRegistry   spec: 'latest',
190 silly mapToRegistry   type: 'tag' }
191 silly mapToRegistry uri https://registry.npmjs.org/redux-form
192 verbose addNameVersion registry:https://registry.npmjs.org/redux-form not in flight; fetching
193 http 304 https://registry.npmjs.org/redux
194 verbose headers { server: 'nginx/1.10.1',
194 verbose headers   'last-modified': 'Sat, 25 Mar 2017 11:53:42 GMT',
194 verbose headers   etag: '"58d65a46-24d8e"',
194 verbose headers   'cache-control': 'max-age=300',
194 verbose headers   'accept-ranges': 'bytes',
194 verbose headers   date: 'Sun, 26 Mar 2017 10:19:32 GMT',
194 verbose headers   via: '1.1 varnish',
194 verbose headers   connection: 'keep-alive',
194 verbose headers   'x-served-by': 'cache-hhn1533-HHN',
194 verbose headers   'x-cache': 'MISS',
194 verbose headers   'x-cache-hits': '0',
194 verbose headers   'x-timer': 'S1490523572.619286,VS0,VE41',
194 verbose headers   vary: 'Accept-Encoding' }
195 silly get cb [ 304,
195 silly get   { server: 'nginx/1.10.1',
195 silly get     'last-modified': 'Sat, 25 Mar 2017 11:53:42 GMT',
195 silly get     etag: '"58d65a46-24d8e"',
195 silly get     'cache-control': 'max-age=300',
195 silly get     'accept-ranges': 'bytes',
195 silly get     date: 'Sun, 26 Mar 2017 10:19:32 GMT',
195 silly get     via: '1.1 varnish',
195 silly get     connection: 'keep-alive',
195 silly get     'x-served-by': 'cache-hhn1533-HHN',
195 silly get     'x-cache': 'MISS',
195 silly get     'x-cache-hits': '0',
195 silly get     'x-timer': 'S1490523572.619286,VS0,VE41',
195 silly get     vary: 'Accept-Encoding' } ]
196 verbose etag https://registry.npmjs.org/redux from cache
197 verbose get saving redux to /Users/Dave/.npm/registry.npmjs.org/redux/.cache.json
198 verbose correctMkdir /Users/Dave/.npm correctMkdir not in flight; initializing
199 http 304 https://registry.npmjs.org/babel-polyfill
200 verbose headers { server: 'nginx/1.10.1',
200 verbose headers   'last-modified': 'Thu, 23 Mar 2017 19:49:23 GMT',
200 verbose headers   etag: '"58d426c3-7fef"',
200 verbose headers   'cache-control': 'max-age=300',
200 verbose headers   'accept-ranges': 'bytes',
200 verbose headers   date: 'Sun, 26 Mar 2017 10:19:32 GMT',
200 verbose headers   via: '1.1 varnish',
200 verbose headers   connection: 'keep-alive',
200 verbose headers   'x-served-by': 'cache-hhn1530-HHN',
200 verbose headers   'x-cache': 'MISS',
200 verbose headers   'x-cache-hits': '0',
200 verbose headers   'x-timer': 'S1490523572.626799,VS0,VE43',
200 verbose headers   vary: 'Accept-Encoding' }
201 silly get cb [ 304,
201 silly get   { server: 'nginx/1.10.1',
201 silly get     'last-modified': 'Thu, 23 Mar 2017 19:49:23 GMT',
201 silly get     etag: '"58d426c3-7fef"',
201 silly get     'cache-control': 'max-age=300',
201 silly get     'accept-ranges': 'bytes',
201 silly get     date: 'Sun, 26 Mar 2017 10:19:32 GMT',
201 silly get     via: '1.1 varnish',
201 silly get     connection: 'keep-alive',
201 silly get     'x-served-by': 'cache-hhn1530-HHN',
201 silly get     'x-cache': 'MISS',
201 silly get     'x-cache-hits': '0',
201 silly get     'x-timer': 'S1490523572.626799,VS0,VE43',
201 silly get     vary: 'Accept-Encoding' } ]
202 verbose etag https://registry.npmjs.org/babel-polyfill from cache
203 verbose get saving babel-polyfill to /Users/Dave/.npm/registry.npmjs.org/babel-polyfill/.cache.json
204 verbose correctMkdir /Users/Dave/.npm correctMkdir not in flight; initializing
205 verbose get https://registry.npmjs.org/react-dom not expired, no request
206 silly addNameRange number 2 { name: 'react-dom', range: '>=15.4.1 <16.0.0', hasData: true }
207 silly addNameRange versions [ 'react-dom',
207 silly addNameRange   [ '0.1.0',
207 silly addNameRange     '0.14.0-beta1',
207 silly addNameRange     '0.14.0-beta2',
207 silly addNameRange     '0.14.0-beta3',
207 silly addNameRange     '0.14.0-rc1',
207 silly addNameRange     '0.14.0',
207 silly addNameRange     '0.14.1',
207 silly addNameRange     '0.14.2',
207 silly addNameRange     '0.14.3',
207 silly addNameRange     '0.14.4',
207 silly addNameRange     '0.14.5',
207 silly addNameRange     '0.14.6',
207 silly addNameRange     '0.15.0-alpha.1',
207 silly addNameRange     '0.14.7',
207 silly addNameRange     '15.0.0-rc.1',
207 silly addNameRange     '15.0.0-rc.2',
207 silly addNameRange     '0.14.8',
207 silly addNameRange     '15.0.0',
207 silly addNameRange     '15.0.1',
207 silly addNameRange     '15.0.2-alpha.1',
207 silly addNameRange     '15.0.2-alpha.2',
207 silly addNameRange     '15.0.2-alpha.3',
207 silly addNameRange     '15.0.2-alpha.4',
207 silly addNameRange     '15.0.2',
207 silly addNameRange     '15.0.3-alpha.1',
207 silly addNameRange     '15.0.3-alpha.2',
207 silly addNameRange     '15.1.0-alpha.1',
207 silly addNameRange     '15.1.0',
207 silly addNameRange     '15.2.0-rc.1',
207 silly addNameRange     '15.2.0-rc.2',
207 silly addNameRange     '15.2.0',
207 silly addNameRange     '15.2.1',
207 silly addNameRange     '15.3.0-rc.1',
207 silly addNameRange     '15.3.0-rc.2',
207 silly addNameRange     '15.3.0-rc.3',
207 silly addNameRange     '15.3.0',
207 silly addNameRange     '15.3.1-rc.1',
207 silly addNameRange     '15.3.1-rc.2',
207 silly addNameRange     '15.3.1',
207 silly addNameRange     '15.3.2-rc.1',
207 silly addNameRange     '15.3.2',
207 silly addNameRange     '15.4.0-rc.1',
207 silly addNameRange     '15.4.0-rc.2',
207 silly addNameRange     '15.4.0-rc.3',
207 silly addNameRange     '15.4.0-rc.4',
207 silly addNameRange     '15.4.0',
207 silly addNameRange     '15.4.1',
207 silly addNameRange     '15.4.2',
207 silly addNameRange     '16.0.0-alpha',
207 silly addNameRange     '16.0.0-alpha.0',
207 silly addNameRange     '16.0.0-alpha.2',
207 silly addNameRange     '16.0.0-alpha.3',
207 silly addNameRange     '16.0.0-alpha.4',
207 silly addNameRange     '16.0.0-alpha.5',
207 silly addNameRange     '16.0.0-alpha.6' ] ]
208 silly addNamed react-dom@15.4.2
209 verbose addNamed "15.4.2" is a plain semver version for react-dom
210 verbose get https://registry.npmjs.org/react-redux not expired, no request
211 silly addNameRange number 2 { name: 'react-redux', range: '>=5.0.3 <6.0.0', hasData: true }
212 silly addNameRange versions [ 'react-redux',
212 silly addNameRange   [ '0.1.0',
212 silly addNameRange     '1.0.0-alpha',
212 silly addNameRange     '0.2.0',
212 silly addNameRange     '0.2.1',
212 silly addNameRange     '0.2.2',
212 silly addNameRange     '0.3.0',
212 silly addNameRange     '0.4.0',
212 silly addNameRange     '0.5.0',
212 silly addNameRange     '0.5.1',
212 silly addNameRange     '0.5.2',
212 silly addNameRange     '0.5.3',
212 silly addNameRange     '0.6.0',
212 silly addNameRange     '0.7.0',
212 silly addNameRange     '0.8.0',
212 silly addNameRange     '0.8.1',
212 silly addNameRange     '0.8.2',
212 silly addNameRange     '0.9.0',
212 silly addNameRange     '1.0.0',
212 silly addNameRange     '1.0.1',
212 silly addNameRange     '2.0.0',
212 silly addNameRange     '2.1.0',
212 silly addNameRange     '2.1.1',
212 silly addNameRange     '2.1.2',
212 silly addNameRange     '3.0.0-alpha',
212 silly addNameRange     '3.0.0',
212 silly addNameRange     '3.0.1',
212 silly addNameRange     '3.1.0',
212 silly addNameRange     '4.0.0',
212 silly addNameRange     '3.1.1',
212 silly addNameRange     '4.0.1',
212 silly addNameRange     '3.1.2',
212 silly addNameRange     '4.0.2',
212 silly addNameRange     '4.0.3',
212 silly addNameRange     '4.0.4',
212 silly addNameRange     '4.0.5',
212 silly addNameRange     '4.0.6',
212 silly addNameRange     '4.1.0',
212 silly addNameRange     '4.1.1',
212 silly addNameRange     '4.1.2',
212 silly addNameRange     '4.2.0',
212 silly addNameRange     '4.2.1',
212 silly addNameRange     '4.3.0',
212 silly addNameRange     '4.4.0',
212 silly addNameRange     '4.4.1',
212 silly addNameRange     '4.4.2',
212 silly addNameRange     '4.4.3',
212 silly addNameRange     '4.4.4',
212 silly addNameRange     '4.4.5',
212 silly addNameRange     '5.0.0-alpha.1',
212 silly addNameRange     '5.0.0-beta.1',
212 silly addNameRange     '5.0.0-beta.2',
212 silly addNameRange     '5.0.0-beta.3',
212 silly addNameRange     '4.4.6',
212 silly addNameRange     '5.0.0-rc.1',
212 silly addNameRange     '5.0.0-rc.2',
212 silly addNameRange     '5.0.0',
212 silly addNameRange     '5.0.1',
212 silly addNameRange     '5.0.2',
212 silly addNameRange     '5.0.3' ] ]
213 silly addNamed react-redux@5.0.3
214 verbose addNamed "5.0.3" is a plain semver version for react-redux
215 verbose get https://registry.npmjs.org/redux-form not expired, no request
216 verbose afterAdd /Users/Dave/.npm/react/15.4.2/package/package.json written
217 silly cache afterAdd react-dom@15.4.2
218 verbose afterAdd /Users/Dave/.npm/react-dom/15.4.2/package/package.json not in flight; writing
219 verbose correctMkdir /Users/Dave/.npm correctMkdir not in flight; initializing
220 silly resolveWithNewModule redux@3.6.0 checking installable status
221 silly cache add args [ 'redux@^3.6.0', null ]
222 verbose cache add spec redux@^3.6.0
223 silly cache add parsed spec Result {
223 silly cache add   raw: 'redux@^3.6.0',
223 silly cache add   scope: null,
223 silly cache add   escapedName: 'redux',
223 silly cache add   name: 'redux',
223 silly cache add   rawSpec: '^3.6.0',
223 silly cache add   spec: '>=3.6.0 <4.0.0',
223 silly cache add   type: 'range' }
224 silly addNamed redux@>=3.6.0 <4.0.0
225 verbose addNamed ">=3.6.0 <4.0.0" is a valid semver range for redux
226 silly addNameRange { name: 'redux', range: '>=3.6.0 <4.0.0', hasData: false }
227 silly mapToRegistry name redux
228 silly mapToRegistry using default registry
229 silly mapToRegistry registry https://registry.npmjs.org/
230 silly mapToRegistry data Result {
230 silly mapToRegistry   raw: 'redux',
230 silly mapToRegistry   scope: null,
230 silly mapToRegistry   escapedName: 'redux',
230 silly mapToRegistry   name: 'redux',
230 silly mapToRegistry   rawSpec: '',
230 silly mapToRegistry   spec: 'latest',
230 silly mapToRegistry   type: 'tag' }
231 silly mapToRegistry uri https://registry.npmjs.org/redux
232 verbose addNameRange registry:https://registry.npmjs.org/redux not in flight; fetching
233 silly resolveWithNewModule babel-polyfill@6.23.0 checking installable status
234 silly cache add args [ 'babel-polyfill@^6.16.0', null ]
235 verbose cache add spec babel-polyfill@^6.16.0
236 silly cache add parsed spec Result {
236 silly cache add   raw: 'babel-polyfill@^6.16.0',
236 silly cache add   scope: null,
236 silly cache add   escapedName: 'babel-polyfill',
236 silly cache add   name: 'babel-polyfill',
236 silly cache add   rawSpec: '^6.16.0',
236 silly cache add   spec: '>=6.16.0 <7.0.0',
236 silly cache add   type: 'range' }
237 silly addNamed babel-polyfill@>=6.16.0 <7.0.0
238 verbose addNamed ">=6.16.0 <7.0.0" is a valid semver range for babel-polyfill
239 silly addNameRange { name: 'babel-polyfill',
239 silly addNameRange   range: '>=6.16.0 <7.0.0',
239 silly addNameRange   hasData: false }
240 silly mapToRegistry name babel-polyfill
241 silly mapToRegistry using default registry
242 silly mapToRegistry registry https://registry.npmjs.org/
243 silly mapToRegistry data Result {
243 silly mapToRegistry   raw: 'babel-polyfill',
243 silly mapToRegistry   scope: null,
243 silly mapToRegistry   escapedName: 'babel-polyfill',
243 silly mapToRegistry   name: 'babel-polyfill',
243 silly mapToRegistry   rawSpec: '',
243 silly mapToRegistry   spec: 'latest',
243 silly mapToRegistry   type: 'tag' }
244 silly mapToRegistry uri https://registry.npmjs.org/babel-polyfill
245 verbose addNameRange registry:https://registry.npmjs.org/babel-polyfill not in flight; fetching
246 silly cache afterAdd react-redux@5.0.3
247 verbose afterAdd /Users/Dave/.npm/react-redux/5.0.3/package/package.json not in flight; writing
248 verbose correctMkdir /Users/Dave/.npm correctMkdir not in flight; initializing
249 silly cache afterAdd redux-form@6.6.0
250 verbose afterAdd /Users/Dave/.npm/redux-form/6.6.0/package/package.json not in flight; writing
251 verbose correctMkdir /Users/Dave/.npm correctMkdir not in flight; initializing
252 verbose get https://registry.npmjs.org/redux not expired, no request
253 silly addNameRange number 2 { name: 'redux', range: '>=3.6.0 <4.0.0', hasData: true }
254 silly addNameRange versions [ 'redux',
254 silly addNameRange   [ '0.0.1',
254 silly addNameRange     '0.0.2',
254 silly addNameRange     '0.0.3',
254 silly addNameRange     '0.0.4',
254 silly addNameRange     '0.1.0',
254 silly addNameRange     '0.2.0',
254 silly addNameRange     '0.2.1',
254 silly addNameRange     '0.2.2',
254 silly addNameRange     '0.3.0',
254 silly addNameRange     '0.3.1',
254 silly addNameRange     '0.4.0',
254 silly addNameRange     '0.5.0',
254 silly addNameRange     '0.5.1',
254 silly addNameRange     '0.6.0',
254 silly addNameRange     '0.6.1',
254 silly addNameRange     '0.6.2',
254 silly addNameRange     '0.7.0',
254 silly addNameRange     '0.8.0',
254 silly addNameRange     '0.8.1',
254 silly addNameRange     '0.9.0',
254 silly addNameRange     '0.10.0',
254 silly addNameRange     '0.10.1',
254 silly addNameRange     '0.11.0',
254 silly addNameRange     '0.11.1',
254 silly addNameRange     '0.12.0',
254 silly addNameRange     '1.0.0-alpha',
254 silly addNameRange     '1.0.0-rc',
254 silly addNameRange     '1.0.0',
254 silly addNameRange     '1.0.1',
254 silly addNameRange     '2.0.0',
254 silly addNameRange     '3.0.0',
254 silly addNameRange     '3.0.1',
254 silly addNameRange     '3.0.2',
254 silly addNameRange     '3.0.3',
254 silly addNameRange     '3.0.4',
254 silly addNameRange     '3.0.5',
254 silly addNameRange     '3.0.6',
254 silly addNameRange     '3.1.0',
254 silly addNameRange     '3.1.1',
254 silly addNameRange     '3.1.2',
254 silly addNameRange     '3.1.3',
254 silly addNameRange     '3.1.4',
254 silly addNameRange     '3.1.5',
254 silly addNameRange     '3.1.6',
254 silly addNameRange     '3.1.7',
254 silly addNameRange     '3.2.0',
254 silly addNameRange     '3.2.1',
254 silly addNameRange     '3.3.0',
254 silly addNameRange     '3.3.1',
254 silly addNameRange     '3.4.0',
254 silly addNameRange     '3.5.0',
254 silly addNameRange     '3.5.1',
254 silly addNameRange     '3.5.2',
254 silly addNameRange     '3.6.0' ] ]
255 silly addNamed redux@3.6.0
256 verbose addNamed "3.6.0" is a plain semver version for redux
257 verbose get https://registry.npmjs.org/babel-polyfill not expired, no request
258 silly addNameRange number 2 { name: 'babel-polyfill',
258 silly addNameRange   range: '>=6.16.0 <7.0.0',
258 silly addNameRange   hasData: true }
259 silly addNameRange versions [ 'babel-polyfill',
259 silly addNameRange   [ '6.0.2',
259 silly addNameRange     '6.0.14',
259 silly addNameRange     '6.0.16',
259 silly addNameRange     '6.1.4',
259 silly addNameRange     '6.1.17',
259 silly addNameRange     '6.1.18',
259 silly addNameRange     '6.1.19',
259 silly addNameRange     '6.2.0',
259 silly addNameRange     '6.2.4',
259 silly addNameRange     '6.3.13',
259 silly addNameRange     '6.3.14',
259 silly addNameRange     '6.5.0',
259 silly addNameRange     '6.5.0-1',
259 silly addNameRange     '6.6.0',
259 silly addNameRange     '6.6.1',
259 silly addNameRange     '6.7.2',
259 silly addNameRange     '6.7.4',
259 silly addNameRange     '6.8.0',
259 silly addNameRange     '6.9.0',
259 silly addNameRange     '6.9.1',
259 silly addNameRange     '6.13.0',
259 silly addNameRange     '6.16.0',
259 silly addNameRange     '6.20.0',
259 silly addNameRange     '6.22.0',
259 silly addNameRange     '6.23.0',
259 silly addNameRange     '7.0.0-alpha.1',
259 silly addNameRange     '7.0.0-alpha.3' ] ]
260 silly addNamed babel-polyfill@6.23.0
261 verbose addNamed "6.23.0" is a plain semver version for babel-polyfill
262 verbose afterAdd /Users/Dave/.npm/react-dom/15.4.2/package/package.json written
263 verbose afterAdd /Users/Dave/.npm/react-redux/5.0.3/package/package.json written
264 verbose afterAdd /Users/Dave/.npm/redux-form/6.6.0/package/package.json written
265 silly cache afterAdd redux@3.6.0
266 verbose afterAdd /Users/Dave/.npm/redux/3.6.0/package/package.json not in flight; writing
267 verbose correctMkdir /Users/Dave/.npm correctMkdir not in flight; initializing
268 silly cache afterAdd babel-polyfill@6.23.0
269 verbose afterAdd /Users/Dave/.npm/babel-polyfill/6.23.0/package/package.json not in flight; writing
270 verbose correctMkdir /Users/Dave/.npm correctMkdir not in flight; initializing
271 verbose afterAdd /Users/Dave/.npm/redux/3.6.0/package/package.json written
272 verbose afterAdd /Users/Dave/.npm/babel-polyfill/6.23.0/package/package.json written
273 silly lifecycle redux-form-react-submitbutton@1.0.0~prepublish: Returned: code: 1  signal: null
274 info lifecycle redux-form-react-submitbutton@1.0.0~prepublish: Failed to exec prepublish script
275 error addLocal Could not install /Users/Dave/Projects/redux-form-react-submitbutton
276 silly rollbackFailedOptional Starting
277 silly rollbackFailedOptional Finishing
278 silly runTopLevelLifecycles Starting
279 silly runTopLevelLifecycles Finishing
280 silly install printInstalled
281 verbose stack Error: redux-form-react-submitbutton@1.0.0 prepublish: `npm run lint && npm run test && npm run clean && npm run build`
281 verbose stack Exit status 1
281 verbose stack     at EventEmitter.<anonymous> (/Users/Dave/.npm-global/lib/node_modules/npm/lib/utils/lifecycle.js:242:16)
281 verbose stack     at emitTwo (events.js:106:13)
281 verbose stack     at EventEmitter.emit (events.js:191:7)
281 verbose stack     at ChildProcess.<anonymous> (/Users/Dave/.npm-global/lib/node_modules/npm/lib/utils/spawn.js:40:14)
281 verbose stack     at emitTwo (events.js:106:13)
281 verbose stack     at ChildProcess.emit (events.js:191:7)
281 verbose stack     at maybeClose (internal/child_process.js:852:16)
281 verbose stack     at Process.ChildProcess._handle.onexit (internal/child_process.js:215:5)
282 verbose pkgid redux-form-react-submitbutton@1.0.0
283 verbose cwd /Users/Dave/Projects/redux-form-react-submitbutton/example
284 error Darwin 16.3.0
285 error argv "/usr/local/bin/node" "/Users/Dave/.npm-global/bin/npm" "install"
286 error node v6.3.0
287 error npm  v3.10.5
288 error code ELIFECYCLE
289 error redux-form-react-submitbutton@1.0.0 prepublish: `npm run lint && npm run test && npm run clean && npm run build`
289 error Exit status 1
290 error Failed at the redux-form-react-submitbutton@1.0.0 prepublish script 'npm run lint && npm run test && npm run clean && npm run build'.
290 error Make sure you have the latest version of node.js and npm installed.
290 error If you do, this is most likely a problem with the redux-form-react-submitbutton package,
290 error not with npm itself.
290 error Tell the author that this fails on your system:
290 error     npm run lint && npm run test && npm run clean && npm run build
290 error You can get information on how to open an issue for this project with:
290 error     npm bugs redux-form-react-submitbutton
290 error Or if that isn't available, you can get their info via:
290 error     npm owner ls redux-form-react-submitbutton
290 error There is likely additional logging output above.
291 verbose exit [ 1, true ]
